<?xml version="1.0" encoding="UTF-8"?>
<!-- Generated by org.testng.reporters.JUnitReportReporter -->
<testsuite hostname="DESKTOP-FUGQNF4" failures="0" tests="4" name="test.LoginTest" time="3.878" errors="0" timestamp="2023-02-11T23:04:11 GMT-05:00" skipped="0">
  <testcase classname="test.LoginTest" name="verifyBuildTitleName" time="0.055"/>
  <system-out/>
  <testcase classname="test.LoginTest" name="verifyTitleOfLoginPage" time="0.709"/>
  <system-out/>
  <testcase classname="test.LoginTest" name="verifyCurrentUrlOfPage" time="0.017"/>
  <system-out/>
  <testcase classname="test.LoginTest" name="verifyLoginWithCorrectCredentials" time="3.097"/>
  <system-out/>
</testsuite> <!-- test.LoginTest -->
