<?xml version="1.0" encoding="UTF-8"?>
<!-- Generated by org.testng.reporters.JUnitReportReporter -->
<testsuite hostname="DESKTOP-FUGQNF4" failures="0" tests="3" name="test.PIMTest" time="2.064" errors="0" timestamp="2023-02-11T23:04:11 GMT-05:00" skipped="0">
  <testcase classname="test.PIMTest" name="verifyPimPageTitle" time="1.887"/>
  <system-out/>
  <testcase classname="test.PIMTest" name="verifyEmpSearchEmpId" time="0.176"/>
  <system-out/>
  <testcase classname="test.PIMTest" name="TestIngChanges" time="0.001"/>
  <system-out/>
</testsuite> <!-- test.PIMTest -->
