<?xml version="1.0" encoding="UTF-8"?>
<!-- Generated by org.testng.reporters.JUnitReportReporter -->
<testsuite hostname="DESKTOP-FUGQNF4" failures="0" tests="4" name="test.LoginTest" time="5.176" errors="0" timestamp="2023-02-11T22:57:16 GMT-05:00" skipped="0">
  <testcase classname="test.LoginTest" name="verifyBuildTitleName" time="0.055"/>
  <system-out/>
  <testcase classname="test.LoginTest" name="verifyTitleOfLoginPage" time="0.732"/>
  <system-out/>
  <testcase classname="test.LoginTest" name="verifyCurrentUrlOfPage" time="0.010"/>
  <system-out/>
  <testcase classname="test.LoginTest" name="verifyLoginWithCorrectCredentials" time="4.379"/>
  <system-out/>
</testsuite> <!-- test.LoginTest -->
