<?xml version="1.0" encoding="UTF-8"?>
<!-- Generated by org.testng.reporters.JUnitReportReporter -->
<testsuite hostname="DESKTOP-FUGQNF4" failures="0" tests="3" name="test.PIMTest" time="2.088" errors="0" timestamp="2023-02-14T22:19:23 GMT-05:00" skipped="0">
  <testcase classname="test.PIMTest" name="verifyPimPageTitle" time="1.935"/>
  <system-out/>
  <testcase classname="test.PIMTest" name="verifyEmpSearchEmpId" time="0.151"/>
  <system-out/>
  <testcase classname="test.PIMTest" name="TestIngChanges" time="0.002"/>
  <system-out/>
</testsuite> <!-- test.PIMTest -->
