<?xml version="1.0" encoding="UTF-8"?>
<!-- Generated by org.testng.reporters.JUnitReportReporter -->
<testsuite hostname="DESKTOP-FUGQNF4" failures="0" tests="3" name="test.PIMTest" time="2.796" errors="0" timestamp="2023-02-17T08:53:50 GMT-05:00" skipped="0">
  <testcase classname="test.PIMTest" name="verifyPimPageTitle" time="2.620"/>
  <system-out/>
  <testcase classname="test.PIMTest" name="verifyEmpSearchEmpId" time="0.172"/>
  <system-out/>
  <testcase classname="test.PIMTest" name="TestIngChanges" time="0.004"/>
  <system-out/>
</testsuite> <!-- test.PIMTest -->
